17.11.2024 - 17:19:25 - [TAB v5.0.1] Blocked attempt to add player UnVenec0 into team B2C42BB8_AA1 (expected team: 1UnVenec0A)
18.11.2024 - 02:59:12 - [TAB v5.0.1] Blocked attempt to add player UnVenec0 into team 279F199A_AA1 (expected team: 1UnVenec0A)
18.11.2024 - 21:53:26 - [TAB v5.0.1] Blocked attempt to add player UnVenec0 into team FCD61AC5_AA1 (expected team: 1UnVenec0A)
18.11.2024 - 22:14:10 - [TAB v5.0.1] Blocked attempt to add player UnVenec0 into team FCD61AC5_AA3 (expected team: 1UnVenec0A)
18.11.2024 - 22:26:33 - [TAB v5.0.1] Blocked attempt to add player UnVenec0 into team FCD61AC5_AA4 (expected team: 1UnVenec0A)
18.11.2024 - 22:44:39 - [TAB v5.0.1] Blocked attempt to add player UnVenec0 into team FDE68902_AA1 (expected team: 1UnVenec0A)
18.11.2024 - 23:03:59 - [TAB v5.0.1] Blocked attempt to add player UnVenec0 into team FDE68902_AA2 (expected team: 1UnVenec0A)
18.11.2024 - 23:37:46 - [TAB v5.0.1] Blocked attempt to add player UnVenec0 into team FFA62AE8_AA1 (expected team: 1UnVenec0A)
18.11.2024 - 23:52:53 - [TAB v5.0.1] Blocked attempt to add player UnVenec0 into team B68C78F1_AA1 (expected team: 1UnVenec0A)
19.11.2024 - 01:46:08 - [TAB v5.0.1] Blocked attempt to add player UnVenec0 into team B68C78F1_AA3 (expected team: 1UnVenec0A)
19.11.2024 - 01:55:41 - [TAB v5.0.1] Blocked attempt to add player UnVenec0 into team 56A1362D_AA1 (expected team: 1UnVenec0A)
20.11.2024 - 00:22:53 - [TAB v5.0.1] Blocked attempt to add player UnVenec0 into team DF976382_AA1 (expected team: 1UnVenec0A)
20.11.2024 - 01:10:53 - [TAB v5.0.1] Blocked attempt to add player UnVenec0 into team 14ED6967_AA1 (expected team: 1UnVenec0A)
20.11.2024 - 01:18:59 - [TAB v5.0.1] Blocked attempt to add player UnVenec0 into team D442EA57_AA1 (expected team: 1UnVenec0A)
20.11.2024 - 21:59:58 - [TAB v5.0.1] Blocked attempt to add player UnVenec0 into team 5B9DC04D_AA1 (expected team: 1UnVenec0A)
20.11.2024 - 22:21:59 - [TAB v5.0.1] Blocked attempt to add player UnVenec0 into team 8160C11C_AA1 (expected team: 1UnVenec0A)
21.11.2024 - 18:45:31 - [TAB v5.0.1] Blocked attempt to add player UnVenec0 into team 34EA5AB0_AA1 (expected team: 1UnVenec0A)
21.11.2024 - 19:13:56 - [TAB v5.0.1] Blocked attempt to add player UnVenec0 into team AA61E535_AA1 (expected team: 1UnVenec0A)
21.11.2024 - 19:35:05 - [TAB v5.0.1] Blocked attempt to add player UnVenec0 into team F82770B9_AA1 (expected team: 1UnVenec0A)
21.11.2024 - 19:43:00 - [TAB v5.0.1] Blocked attempt to add player UnVenec0 into team 3424EBB3_AA1 (expected team: 1UnVenec0A)
22.11.2024 - 16:18:31 - [TAB v5.0.1] Blocked attempt to add player UnVenec0 into team A045347F_AA1 (expected team: 1UnVenec0A)
22.11.2024 - 16:34:29 - [TAB v5.0.1] Blocked attempt to add player UnVenec0 into team 34ADCDA1_AA1 (expected team: 1UnVenec0A)
22.11.2024 - 22:12:14 - [TAB v5.0.1] Blocked attempt to add player UnVenec0 into team 41B90658_AA1 (expected team: 1UnVenec0A)
22.11.2024 - 22:40:45 - [TAB v5.0.1] Blocked attempt to add player UnVenec0 into team 3E7596E8_AA1 (expected team: 1UnVenec0A)
22.11.2024 - 23:54:57 - [TAB v5.0.1] Blocked attempt to add player UnVenec0 into team 01DFA384_AA1 (expected team: 1UnVenec0A)
23.11.2024 - 00:41:58 - [TAB v5.0.1] Blocked attempt to add player UnVenec0 into team F32B0372_AA1 (expected team: 1UnVenec0A)
23.11.2024 - 03:06:26 - [TAB v5.0.1] Blocked attempt to add player UnVenec0 into team F32B0372_AA4 (expected team: 1UnVenec0A)
23.11.2024 - 12:01:25 - [TAB v5.0.1] Blocked attempt to add player UnVenec0 into team 33645F29_AA1 (expected team: 1UnVenec0A)
23.11.2024 - 12:37:00 - [TAB v5.0.1] Blocked attempt to add player UnVenec0 into team EF047BDE_AA1 (expected team: 1UnVenec0A)
23.11.2024 - 15:13:33 - [TAB v5.0.1] Blocked attempt to add player UnVenec0 into team 8CCB11CD_AA1 (expected team: 1UnVenec0A)
23.11.2024 - 17:09:55 - [TAB v5.0.1] Blocked attempt to add player UnVenec0 into team 15A4237C_AA1 (expected team: 1UnVenec0A)
23.11.2024 - 17:24:33 - [TAB v5.0.1] Blocked attempt to add player UnVenec0 into team CC478C90_AA1 (expected team: 1UnVenec0A)
